valgrind --leak-check=full --show-leak-kinds=all ./cherokee 
==17553== Memcheck, a memory error detector
==17553== Copyright (C) 2002-2017, and GNU GPL'd, by Julian Seward et al.
==17553== Using Valgrind-3.16.1 and LibVEX; rerun with -h for copyright info
==17553== Command: ./cherokee
==17553== 
Child process 17554
Child process 17555
^C==17553== 
==17553== Process terminating with default action of signal 2 (SIGINT)
==17553==    at 0x493A706: wait4 (wait4.c:27)
==17553==    by 0x10A818: fork_server (server_socket.c:117)
==17553==    by 0x10A422: main (main.c:21)
Received signal 2, shutting down worker 17555...
Received signal 2, shutting down worker 17554...
Thread 132445952 woke up
Thread 132445952 is exiting
==17553== 
==17553== HEAP SUMMARY:
==17553==     in use at exit: 0 bytes in 0 blocks
==17553==   total heap usage: 0 allocs, 0 frees, 0 bytes allocated
==17553== 
==17553== All heap blocks were freed -- no leaks are possible
==17553== 
==17553== For lists of detected and suppressed errors, rerun with: -s
==17553== ERROR SUMMARY: 0 errors from 0 contexts (suppressed: 0 from 0)
Thread 124053248 woke up
Thread 124053248 is exiting
Thread 149231360 woke up
Thread 149231360 is exiting
Thread 115660544 woke up
Thread 115660544 is exiting
Thread 140838656 woke up
Thread 140838656 is exiting
Thread 157624064 woke up
Thread 157624064 is exiting
Thread 107267840 woke up
Thread 107267840 is exiting
Thread 107267840 woke up
Thread 107267840 is exiting
Thread 90482432 woke up
Thread 90482432 is exiting
Thread 98875136 woke up
Thread 98875136 is exiting

Thread 166016768 woke up
Thread 166016768 woke up
Thread 166016768 is exiting
Thread 166016768 is exiting
Thread 124053248 woke up
Thread 124053248 is exiting
Thread 115660544 woke up
Thread 115660544 is exiting
Thread 149231360 woke up
Thread 149231360 is exiting
Thread 140838656 woke up
Thread 140838656 is exiting
Thread 132445952 woke up
Thread 132445952 is exiting
Thread 157624064 woke up
Thread 157624064 is exiting
Thread 98875136 woke up
Thread 98875136 is exiting
Thread 90482432 woke up
Thread 90482432 is exiting
loop = false
Child process 17555 exiting...
loop = false
Child process 17554 exiting...
==17555== 
==17555== HEAP SUMMARY:
==17555==     in use at exit: 1,654 bytes in 4 blocks
==17555==   total heap usage: 20 allocs, 16 frees, 18,494 bytes allocated
==17555== 
==17555== 36 bytes in 1 blocks are still reachable in loss record 1 of 4
==17555==    at 0x483877F: malloc (vg_replace_malloc.c:307)
==17555==    by 0x401C26A: strdup (strdup.c:42)
==17555==    by 0x40172FB: _dl_load_cache_lookup (dl-cache.c:338)
==17555==    by 0x4009776: _dl_map_object (dl-load.c:2102)
==17555==    by 0x4013D41: dl_open_worker (dl-open.c:513)
==17555==    by 0x49A8A8F: _dl_catch_exception (dl-error-skeleton.c:208)
==17555==    by 0x40138F9: _dl_open (dl-open.c:837)
==17555==    by 0x49A7F0C: do_dlopen (dl-libc.c:96)
==17555==    by 0x49A8A8F: _dl_catch_exception (dl-error-skeleton.c:208)
==17555==    by 0x49A8B4E: _dl_catch_error (dl-error-skeleton.c:227)
==17555==    by 0x49A7FE6: dlerror_run (dl-libc.c:46)
==17555==    by 0x49A8075: __libc_dlopen_mode (dl-libc.c:195)
==17555== 
==17555== 36 bytes in 1 blocks are still reachable in loss record 2 of 4
==17555==    at 0x483877F: malloc (vg_replace_malloc.c:307)
==17555==    by 0x400BFB7: _dl_new_object (dl-object.c:196)
==17555==    by 0x4007255: _dl_map_object_from_fd (dl-load.c:997)
==17555==    by 0x4009274: _dl_map_object (dl-load.c:2236)
==17555==    by 0x4013D41: dl_open_worker (dl-open.c:513)
==17555==    by 0x49A8A8F: _dl_catch_exception (dl-error-skeleton.c:208)
==17555==    by 0x40138F9: _dl_open (dl-open.c:837)
==17555==    by 0x49A7F0C: do_dlopen (dl-libc.c:96)
==17555==    by 0x49A8A8F: _dl_catch_exception (dl-error-skeleton.c:208)
==17555==    by 0x49A8B4E: _dl_catch_error (dl-error-skeleton.c:227)
==17555==    by 0x49A7FE6: dlerror_run (dl-libc.c:46)
==17555==    by 0x49A8075: __libc_dlopen_mode (dl-libc.c:195)
==17555== 
==17555== 384 bytes in 1 blocks are still reachable in loss record 3 of 4
==17555==    at 0x483AB65: calloc (vg_replace_malloc.c:760)
==17555==    by 0x40116B6: _dl_check_map_versions (dl-version.c:274)
==17555==    by 0x4013DF5: dl_open_worker (dl-open.c:577)
==17555==    by 0x49A8A8F: _dl_catch_exception (dl-error-skeleton.c:208)
==17555==    by 0x40138F9: _dl_open (dl-open.c:837)
==17555==    by 0x49A7F0C: do_dlopen (dl-libc.c:96)
==17555==    by 0x49A8A8F: _dl_catch_exception (dl-error-skeleton.c:208)
==17555==    by 0x49A8B4E: _dl_catch_error (dl-error-skeleton.c:227)
==17555==    by 0x49A7FE6: dlerror_run (dl-libc.c:46)
==17555==    by 0x49A8075: __libc_dlopen_mode (dl-libc.c:195)
==17555==    by 0x486468A: pthread_cancel_init (unwind-forcedunwind.c:53)
==17555==    by 0x48648A3: _Unwind_ForcedUnwind (unwind-forcedunwind.c:127)
==17555== 
==17555== 1,198 bytes in 1 blocks are still reachable in loss record 4 of 4
==17555==    at 0x483AB65: calloc (vg_replace_malloc.c:760)
==17555==    by 0x400BCDF: _dl_new_object (dl-object.c:89)
==17555==    by 0x4007255: _dl_map_object_from_fd (dl-load.c:997)
==17555==    by 0x4009274: _dl_map_object (dl-load.c:2236)
==17555==    by 0x4013D41: dl_open_worker (dl-open.c:513)
==17555==    by 0x49A8A8F: _dl_catch_exception (dl-error-skeleton.c:208)
==17555==    by 0x40138F9: _dl_open (dl-open.c:837)
==17555==    by 0x49A7F0C: do_dlopen (dl-libc.c:96)
==17555==    by 0x49A8A8F: _dl_catch_exception (dl-error-skeleton.c:208)
==17555==    by 0x49A8B4E: _dl_catch_error (dl-error-skeleton.c:227)
==17555==    by 0x49A7FE6: dlerror_run (dl-libc.c:46)
==17555==    by 0x49A8075: __libc_dlopen_mode (dl-libc.c:195)
==17555== 
==17555== LEAK SUMMARY:
==17555==    definitely lost: 0 bytes in 0 blocks
==17555==    indirectly lost: 0 bytes in 0 blocks
==17555==      possibly lost: 0 bytes in 0 blocks
==17555==    still reachable: 1,654 bytes in 4 blocks
==17555==         suppressed: 0 bytes in 0 blocks
==17555== 
==17555== For lists of detected and suppressed errors, rerun with: -s
==17555== ERROR SUMMARY: 0 errors from 0 contexts (suppressed: 0 from 0)
==17554== 
==17554== HEAP SUMMARY:
==17554==     in use at exit: 0 bytes in 0 blocks
==17554==   total heap usage: 20 allocs, 20 frees, 18,494 bytes allocated
==17554== 
==17554== All heap blocks were freed -- no leaks are possible
==17554== 
==17554== For lists of detected and suppressed errors, rerun with: -s
==17554== ERROR SUMMARY: 0 errors from 0 contexts (suppressed: 0 from 0)